<?xml version="1.0" encoding="UTF-8"?>
<coverage generated="1514801715">
    <project timestamp="1514801715">
        <package name="BlueEvent\Event\Base">
            <file name="{$path}event/src/Event/Base/Event.php">
                <class name="Event" namespace="BlueEvent\Event\Base">
                    <metrics methods="6" coveredmethods="6" conditionals="0" coveredconditionals="0" statements="10" coveredstatements="10" elements="16" coveredelements="16"/>
                </class>
                <line num="46" type="method" name="__construct" crap="1" count="13"/>
                <line num="48" type="stmt" count="13"/>
                <line num="49" type="stmt" count="13"/>
                <line num="51" type="stmt" count="13"/>
                <line num="52" type="stmt" count="13"/>
                <line num="59" type="method" name="getLaunchCount" crap="1" count="2"/>
                <line num="61" type="stmt" count="2"/>
                <line num="69" type="method" name="isPropagationStopped" crap="1" count="13"/>
                <line num="71" type="stmt" count="13"/>
                <line num="79" type="method" name="stopPropagation" crap="1" count="1"/>
                <line num="81" type="stmt" count="1"/>
                <line num="82" type="stmt" count="1"/>
                <line num="88" type="method" name="getEventCode" crap="1" count="1"/>
                <line num="90" type="stmt" count="1"/>
                <line num="96" type="method" name="getEventParameters" crap="1" count="5"/>
                <line num="98" type="stmt" count="5"/>
                <metrics loc="100" ncloc="50" classes="1" methods="6" coveredmethods="6" conditionals="0" coveredconditionals="0" statements="10" coveredstatements="10" elements="16" coveredelements="16"/>
            </file>
            <file name="{$path}event/src/Event/Base/EventDispatcher.php">
                <class name="EventDispatcher" namespace="BlueEvent\Event\Base">
                    <metrics methods="18" coveredmethods="18" conditionals="0" coveredconditionals="0" statements="77" coveredstatements="77" elements="95" coveredelements="95"/>
                </class>
                <line num="66" type="method" name="__construct" crap="2" count="21"/>
                <line num="68" type="stmt" count="21"/>
                <line num="70" type="stmt" count="21"/>
                <line num="71" type="stmt" count="1"/>
                <line num="72" type="stmt" count="1"/>
                <line num="73" type="stmt" count="1"/>
                <line num="77" type="stmt" count="21"/>
                <line num="78" type="stmt" count="21"/>
                <line num="89" type="method" name="createEventObject" crap="3" count="15"/>
                <line num="91" type="stmt" count="15"/>
                <line num="92" type="stmt" count="1"/>
                <line num="95" type="stmt" count="14"/>
                <line num="96" type="stmt" count="14"/>
                <line num="98" type="stmt" count="14"/>
                <line num="99" type="stmt" count="1"/>
                <line num="102" type="stmt" count="13"/>
                <line num="111" type="method" name="setEventConfiguration" crap="1" count="13"/>
                <line num="113" type="stmt" count="13"/>
                <line num="114" type="stmt" count="13"/>
                <line num="115" type="stmt" count="13"/>
                <line num="118" type="stmt" count="13"/>
                <line num="129" type="method" name="triggerEvent" crap="4" count="15"/>
                <line num="133" type="stmt" count="15"/>
                <line num="134" type="stmt" count="2"/>
                <line num="135" type="stmt" count="1"/>
                <line num="138" type="stmt" count="13"/>
                <line num="139" type="stmt" count="13"/>
                <line num="140" type="stmt" count="1"/>
                <line num="141" type="stmt" count="1"/>
                <line num="144" type="stmt" count="13"/>
                <line num="147" type="stmt" count="13"/>
                <line num="156" type="method" name="executeListener" crap="2" count="13"/>
                <line num="159" type="stmt" count="13"/>
                <line num="160" type="stmt" count="12"/>
                <line num="161" type="stmt" count="2"/>
                <line num="162" type="stmt" count="2"/>
                <line num="163" type="stmt" count="2"/>
                <line num="166" type="stmt" count="13"/>
                <line num="168" type="stmt" count="13"/>
                <line num="179" type="method" name="addEventListener" crap="2" count="2"/>
                <line num="181" type="stmt" count="2"/>
                <line num="182" type="stmt" count="1"/>
                <line num="183" type="stmt" count="1"/>
                <line num="184" type="stmt" count="1"/>
                <line num="188" type="stmt" count="2"/>
                <line num="189" type="stmt" count="2"/>
                <line num="190" type="stmt" count="2"/>
                <line num="193" type="stmt" count="2"/>
                <line num="202" type="method" name="callFunction" crap="2" count="13"/>
                <line num="204" type="stmt" count="13"/>
                <line num="205" type="stmt" count="13"/>
                <line num="207" type="stmt" count="12"/>
                <line num="217" type="method" name="readEventConfiguration" crap="3" count="3"/>
                <line num="219" type="stmt" count="3"/>
                <line num="220" type="stmt" count="1"/>
                <line num="223" type="stmt" count="2"/>
                <line num="225" type="stmt" count="2"/>
                <line num="226" type="stmt" count="1"/>
                <line num="230" type="stmt" count="1"/>
                <line num="232" type="stmt" count="1"/>
                <line num="241" type="method" name="setEventLog" crap="1" count="4"/>
                <line num="243" type="stmt" count="4"/>
                <line num="244" type="stmt" count="4"/>
                <line num="253" type="method" name="logEvent" crap="3" count="1"/>
                <line num="255" type="stmt" count="1"/>
                <line num="256" type="stmt" count="1"/>
                <line num="257" type="stmt" count="1"/>
                <line num="261" type="stmt" count="1"/>
                <line num="270" type="method" name="logAllEvents" crap="1" count="1"/>
                <line num="272" type="stmt" count="1"/>
                <line num="273" type="stmt" count="1"/>
                <line num="282" type="method" name="getConfiguration" crap="2" count="3"/>
                <line num="284" type="stmt" count="3"/>
                <line num="285" type="stmt" count="2"/>
                <line num="288" type="stmt" count="1"/>
                <line num="296" type="method" name="getAllEventsToLog" crap="1" count="1"/>
                <line num="298" type="stmt" count="1"/>
                <line num="306" type="method" name="getEventConfiguration" crap="1" count="2"/>
                <line num="308" type="stmt" count="2"/>
                <line num="316" type="method" name="getErrors" crap="1" count="1"/>
                <line num="318" type="stmt" count="1"/>
                <line num="326" type="method" name="hasErrors" crap="1" count="2"/>
                <line num="328" type="stmt" count="2"/>
                <line num="336" type="method" name="clearErrors" crap="1" count="1"/>
                <line num="338" type="stmt" count="1"/>
                <line num="339" type="stmt" count="1"/>
                <line num="341" type="stmt" count="1"/>
                <line num="350" type="method" name="addError" crap="1" count="2"/>
                <line num="352" type="stmt" count="2"/>
                <line num="353" type="stmt" count="2"/>
                <line num="354" type="stmt" count="2"/>
                <line num="355" type="stmt" count="2"/>
                <line num="356" type="stmt" count="2"/>
                <line num="358" type="stmt" count="2"/>
                <line num="360" type="stmt" count="2"/>
                <metrics loc="362" ncloc="223" classes="1" methods="18" coveredmethods="18" conditionals="0" coveredconditionals="0" statements="77" coveredstatements="77" elements="95" coveredelements="95"/>
            </file>
            <file name="{$path}event/src/Event/Base/EventLog.php">
                <class name="EventLog" namespace="BlueEvent\Event\Base">
                    <metrics methods="3" coveredmethods="3" conditionals="0" coveredconditionals="0" statements="19" coveredstatements="19" elements="22" coveredelements="22"/>
                </class>
                <line num="35" type="method" name="__construct" crap="3" count="24"/>
                <line num="37" type="stmt" count="24"/>
                <line num="39" type="stmt" count="24"/>
                <line num="40" type="stmt" count="24"/>
                <line num="42" type="stmt" count="1"/>
                <line num="44" type="stmt" count="23"/>
                <line num="46" type="stmt" count="24"/>
                <line num="56" type="method" name="makeLogEvent" crap="4" count="16"/>
                <line num="58" type="stmt" count="16"/>
                <line num="59" type="stmt" count="4"/>
                <line num="60" type="stmt" count="16"/>
                <line num="63" type="stmt" count="4"/>
                <line num="65" type="stmt" count="4"/>
                <line num="66" type="stmt" count="4"/>
                <line num="67" type="stmt" count="4"/>
                <line num="72" type="stmt" count="16"/>
                <line num="79" type="method" name="getListenerData" crap="3" count="4"/>
                <line num="82" type="stmt" count="4"/>
                <line num="83" type="stmt" count="2"/>
                <line num="85" type="stmt" count="4"/>
                <line num="86" type="stmt" count="2"/>
                <line num="89" type="stmt" count="3"/>
                <metrics loc="92" ncloc="60" classes="1" methods="3" coveredmethods="3" conditionals="0" coveredconditionals="0" statements="19" coveredstatements="19" elements="22" coveredelements="22"/>
            </file>
        </package>
        <file name="{$path}event/src/Event/Base/Interfaces/EventInterface.php">
            <metrics loc="20" ncloc="13" classes="0" methods="0" coveredmethods="0" conditionals="0" coveredconditionals="0" statements="0" coveredstatements="0" elements="0" coveredelements="0"/>
        </file>
        <package name="BlueEvent\Event">
            <file name="{$path}event/src/Event/BaseEvent.php">
                <class name="BaseEvent" namespace="BlueEvent\Event">
                    <metrics methods="0" coveredmethods="0" conditionals="0" coveredconditionals="0" statements="0" coveredstatements="0" elements="0" coveredelements="0"/>
                </class>
                <metrics loc="10" ncloc="10" classes="1" methods="0" coveredmethods="0" conditionals="0" coveredconditionals="0" statements="0" coveredstatements="0" elements="0" coveredelements="0"/>
            </file>
        </package>
        <metrics files="12" loc="711" ncloc="452" classes="9" methods="32" coveredmethods="32" conditionals="0" coveredconditionals="0" statements="115" coveredstatements="115" elements="147" coveredelements="147"/>
    </project>
</coverage>
