<?xml version="1.0" encoding="UTF-8"?>
<coverage generated="1513673242">
  <project timestamp="1513673242">
    <package name="BlueCache">
      <file name="/home/chajr/Dropbox/C/cache/src/Cache.php">
        <class name="Cache" namespace="BlueCache">
          <metrics methods="11" coveredmethods="11" conditionals="0" coveredconditionals="0" statements="30" coveredstatements="30" elements="41" coveredelements="41"/>
        </class>
        <line num="33" type="method" name="getItem" crap="2" count="2"/>
        <line num="35" type="stmt" count="2"/>
        <line num="36" type="stmt" count="1"/>
        <line num="39" type="stmt" count="1"/>
        <line num="46" type="method" name="getItems" crap="2" count="4"/>
        <line num="48" type="stmt" count="4"/>
        <line num="50" type="stmt" count="4"/>
        <line num="51" type="stmt" count="1"/>
        <line num="54" type="stmt" count="4"/>
        <line num="61" type="method" name="hasItem" crap="1" count="8"/>
        <line num="63" type="stmt" count="8"/>
        <line num="70" type="method" name="clear" crap="1" count="1"/>
        <line num="72" type="stmt" count="1"/>
        <line num="80" type="method" name="deleteItem" crap="1" count="1"/>
        <line num="82" type="stmt" count="1"/>
        <line num="89" type="method" name="deleteItems" crap="1" count="1"/>
        <line num="91" type="stmt" count="1"/>
        <line num="99" type="method" name="save" crap="1" count="8"/>
        <line num="101" type="stmt" count="8"/>
        <line num="110" type="method" name="saveDeferred" crap="1" count="3"/>
        <line num="112" type="stmt" count="3"/>
        <line num="113" type="stmt" count="3"/>
        <line num="122" type="method" name="commit" crap="4" count="12"/>
        <line num="124" type="stmt" count="12"/>
        <line num="125" type="stmt" count="12"/>
        <line num="127" type="stmt" count="12"/>
        <line num="128" type="stmt" count="3"/>
        <line num="129" type="stmt" count="3"/>
        <line num="133" type="stmt" count="12"/>
        <line num="134" type="stmt" count="1"/>
        <line num="135" type="stmt" count="1"/>
        <line num="139" type="stmt" count="11"/>
        <line num="141" type="stmt" count="11"/>
        <line num="148" type="method" name="commitSave" crap="2" count="3"/>
        <line num="151" type="stmt" count="3"/>
        <line num="152" type="stmt" count="1"/>
        <line num="153" type="stmt" count="1"/>
        <line num="155" type="stmt" count="1"/>
        <line num="162" type="method" name="__destruct" crap="1" count="12"/>
        <line num="164" type="stmt" count="12"/>
        <line num="165" type="stmt" count="11"/>
        <metrics loc="166" ncloc="103" classes="1" methods="11" coveredmethods="11" conditionals="0" coveredconditionals="0" statements="30" coveredstatements="30" elements="41" coveredelements="41"/>
      </file>
      <file name="/home/chajr/Dropbox/C/cache/src/CacheException.php">
        <class name="CacheException" namespace="BlueCache">
          <metrics methods="0" coveredmethods="0" conditionals="0" coveredconditionals="0" statements="0" coveredstatements="0" elements="0" coveredelements="0"/>
        </class>
        <metrics loc="13" ncloc="10" classes="1" methods="0" coveredmethods="0" conditionals="0" coveredconditionals="0" statements="0" coveredstatements="0" elements="0" coveredelements="0"/>
      </file>
      <file name="/home/chajr/Dropbox/C/cache/src/CacheItem.php">
        <class name="CacheItem" namespace="BlueCache">
          <metrics methods="9" coveredmethods="8" conditionals="0" coveredconditionals="0" statements="34" coveredstatements="33" elements="43" coveredelements="41"/>
        </class>
        <line num="40" type="method" name="__construct" crap="2" count="36"/>
        <line num="42" type="stmt" count="36"/>
        <line num="43" type="stmt" count="1"/>
        <line num="46" type="stmt" count="35"/>
        <line num="47" type="stmt" count="35"/>
        <line num="48" type="stmt" count="35"/>
        <line num="54" type="method" name="isKeyInvalid" crap="1" count="36"/>
        <line num="56" type="stmt" count="36"/>
        <line num="62" type="method" name="getKey" crap="1" count="31"/>
        <line num="64" type="stmt" count="31"/>
        <line num="70" type="method" name="get" crap="2" count="8"/>
        <line num="72" type="stmt" count="8"/>
        <line num="80" type="method" name="isHit" crap="3" count="30"/>
        <line num="82" type="stmt" count="30"/>
        <line num="83" type="stmt" count="2"/>
        <line num="86" type="stmt" count="29"/>
        <line num="87" type="stmt" count="28"/>
        <line num="90" type="stmt" count="4"/>
        <line num="97" type="method" name="set" crap="1" count="31"/>
        <line num="99" type="stmt" count="31"/>
        <line num="100" type="stmt" count="31"/>
        <line num="102" type="stmt" count="31"/>
        <line num="110" type="method" name="expiresAt" crap="1" count="1"/>
        <line num="112" type="stmt" count="1"/>
        <line num="120" type="method" name="setExpiration" crap="5.01" count="6"/>
        <line num="123" type="stmt" count="6"/>
        <line num="124" type="stmt" count="1"/>
        <line num="125" type="stmt" count="1"/>
        <line num="127" type="stmt" count="5"/>
        <line num="128" type="stmt" count="4"/>
        <line num="129" type="stmt" count="4"/>
        <line num="131" type="stmt" count="0"/>
        <line num="132" type="stmt" count="1"/>
        <line num="133" type="stmt" count="1"/>
        <line num="135" type="stmt" count="1"/>
        <line num="136" type="stmt" count="1"/>
        <line num="137" type="stmt" count="1"/>
        <line num="138" type="stmt" count="1"/>
        <line num="139" type="stmt" count="1"/>
        <line num="142" type="stmt" count="1"/>
        <line num="145" type="stmt" count="5"/>
        <line num="153" type="method" name="expiresAfter" crap="1" count="5"/>
        <line num="155" type="stmt" count="5"/>
        <metrics loc="157" ncloc="104" classes="1" methods="9" coveredmethods="8" conditionals="0" coveredconditionals="0" statements="34" coveredstatements="33" elements="43" coveredelements="41"/>
      </file>
      <file name="/home/chajr/Dropbox/C/cache/src/Common.php">
        <class name="Common" namespace="BlueCache">
          <metrics methods="3" coveredmethods="3" conditionals="0" coveredconditionals="0" statements="17" coveredstatements="17" elements="20" coveredelements="20"/>
        </class>
        <line num="35" type="method" name="__construct" crap="1" count="28"/>
        <line num="37" type="stmt" count="28"/>
        <line num="39" type="stmt" count="28"/>
        <line num="40" type="stmt" count="26"/>
        <line num="46" type="method" name="registerStorage" crap="4" count="28"/>
        <line num="49" type="stmt" count="28"/>
        <line num="50" type="stmt" count="2"/>
        <line num="51" type="stmt" count="2"/>
        <line num="53" type="stmt" count="26"/>
        <line num="54" type="stmt" count="4"/>
        <line num="55" type="stmt" count="24"/>
        <line num="56" type="stmt" count="24"/>
        <line num="59" type="stmt" count="2"/>
        <line num="62" type="stmt" count="26"/>
        <line num="69" type="method" name="factoryStorage" crap="2" count="24"/>
        <line num="71" type="stmt" count="24"/>
        <line num="72" type="stmt" count="24"/>
        <line num="74" type="stmt" count="24"/>
        <line num="75" type="stmt" count="2"/>
        <line num="78" type="stmt" count="24"/>
        <metrics loc="80" ncloc="54" classes="1" methods="3" coveredmethods="3" conditionals="0" coveredconditionals="0" statements="17" coveredstatements="17" elements="20" coveredelements="20"/>
      </file>
      <file name="/home/chajr/Dropbox/C/cache/src/SimpleCache.php">
        <class name="SimpleCache" namespace="BlueCache">
          <metrics methods="9" coveredmethods="9" conditionals="0" coveredconditionals="0" statements="24" coveredstatements="24" elements="33" coveredelements="33"/>
        </class>
        <line num="21" type="method" name="get" crap="2" count="3"/>
        <line num="23" type="stmt" count="3"/>
        <line num="25" type="stmt" count="3"/>
        <line num="26" type="stmt" count="1"/>
        <line num="29" type="stmt" count="2"/>
        <line num="39" type="method" name="set" crap="2" count="10"/>
        <line num="41" type="stmt" count="10"/>
        <line num="43" type="stmt" count="10"/>
        <line num="44" type="stmt" count="1"/>
        <line num="47" type="stmt" count="10"/>
        <line num="55" type="method" name="delete" crap="1" count="1"/>
        <line num="57" type="stmt" count="1"/>
        <line num="64" type="method" name="clear" crap="1" count="1"/>
        <line num="66" type="stmt" count="1"/>
        <line num="74" type="method" name="getMultiple" crap="2" count="3"/>
        <line num="76" type="stmt" count="3"/>
        <line num="78" type="stmt" count="3"/>
        <line num="79" type="stmt" count="3"/>
        <line num="82" type="stmt" count="3"/>
        <line num="90" type="method" name="setMultiple" crap="3" count="6"/>
        <line num="92" type="stmt" count="6"/>
        <line num="94" type="stmt" count="6"/>
        <line num="96" type="stmt" count="6"/>
        <line num="97" type="stmt" count="1"/>
        <line num="98" type="stmt" count="1"/>
        <line num="99" type="stmt" count="6"/>
        <line num="103" type="stmt" count="6"/>
        <line num="110" type="method" name="deleteMultiple" crap="1" count="1"/>
        <line num="112" type="stmt" count="1"/>
        <line num="119" type="method" name="has" crap="1" count="10"/>
        <line num="121" type="stmt" count="10"/>
        <line num="127" type="method" name="getMultipleSetExceptions" crap="1" count="1"/>
        <line num="129" type="stmt" count="1"/>
        <metrics loc="131" ncloc="86" classes="1" methods="9" coveredmethods="9" conditionals="0" coveredconditionals="0" statements="24" coveredstatements="24" elements="33" coveredelements="33"/>
      </file>
    </package>
    <package name="BlueCache\Storage">
      <file name="/home/chajr/Dropbox/C/cache/src/Storage/File.php">
        <class name="File" namespace="BlueCache\Storage">
          <metrics methods="13" coveredmethods="13" conditionals="0" coveredconditionals="0" statements="55" coveredstatements="55" elements="68" coveredelements="68"/>
        </class>
        <line num="27" type="method" name="__construct" crap="1" count="39"/>
        <line num="29" type="stmt" count="39"/>
        <line num="30" type="stmt" count="39"/>
        <line num="37" type="method" name="store" crap="4" count="30"/>
        <line num="39" type="stmt" count="30"/>
        <line num="40" type="stmt" count="30"/>
        <line num="42" type="stmt" count="30"/>
        <line num="43" type="stmt" count="30"/>
        <line num="45" type="stmt" count="30"/>
        <line num="46" type="stmt" count="1"/>
        <line num="49" type="stmt" count="29"/>
        <line num="50" type="stmt" count="3"/>
        <line num="53" type="stmt" count="27"/>
        <line num="60" type="method" name="restore" crap="2" count="11"/>
        <line num="62" type="stmt" count="11"/>
        <line num="63" type="stmt" count="5"/>
        <line num="66" type="stmt" count="6"/>
        <line num="73" type="method" name="processNames" crap="2" count="5"/>
        <line num="75" type="stmt" count="5"/>
        <line num="77" type="stmt" count="5"/>
        <line num="78" type="stmt" count="5"/>
        <line num="81" type="stmt" count="5"/>
        <line num="89" type="method" name="clear" crap="3" count="6"/>
        <line num="92" type="stmt" count="6"/>
        <line num="93" type="stmt" count="3"/>
        <line num="94" type="stmt" count="3"/>
        <line num="96" type="stmt" count="3"/>
        <line num="98" type="stmt" count="1"/>
        <line num="99" type="stmt" count="3"/>
        <line num="102" type="stmt" count="1"/>
        <line num="111" type="method" name="exists" crap="2" count="27"/>
        <line num="114" type="stmt" count="27"/>
        <line num="116" type="stmt" count="27"/>
        <line num="117" type="stmt" count="21"/>
        <line num="120" type="stmt" count="23"/>
        <line num="127" type="method" name="getItem" crap="2" count="11"/>
        <line num="129" type="stmt" count="11"/>
        <line num="130" type="stmt" count="9"/>
        <line num="133" type="stmt" count="2"/>
        <line num="140" type="method" name="getCacheItem" crap="3" count="27"/>
        <line num="142" type="stmt" count="27"/>
        <line num="143" type="stmt" count="27"/>
        <line num="144" type="stmt" count="24"/>
        <line num="147" type="stmt" count="20"/>
        <line num="150" type="stmt" count="6"/>
        <line num="157" type="method" name="getUnserializedCacheItem" crap="2" count="24"/>
        <line num="160" type="stmt" count="24"/>
        <line num="162" type="stmt" count="24"/>
        <line num="163" type="stmt" count="1"/>
        <line num="164" type="stmt" count="1"/>
        <line num="167" type="stmt" count="23"/>
        <line num="168" type="stmt" count="23"/>
        <line num="175" type="method" name="getCacheContent" crap="1" count="24"/>
        <line num="177" type="stmt" count="24"/>
        <line num="185" type="method" name="clearMany" crap="3" count="7"/>
        <line num="187" type="stmt" count="7"/>
        <line num="189" type="stmt" count="7"/>
        <line num="190" type="stmt" count="7"/>
        <line num="192" type="stmt" count="7"/>
        <line num="193" type="stmt" count="7"/>
        <line num="197" type="stmt" count="7"/>
        <line num="205" type="method" name="delete" crap="2" count="9"/>
        <line num="207" type="stmt" count="9"/>
        <line num="208" type="stmt" count="7"/>
        <line num="209" type="stmt" count="7"/>
        <line num="212" type="stmt" count="9"/>
        <line num="219" type="method" name="getFilePath" crap="1" count="31"/>
        <line num="221" type="stmt" count="31"/>
        <metrics loc="223" ncloc="160" classes="1" methods="13" coveredmethods="13" conditionals="0" coveredconditionals="0" statements="55" coveredstatements="55" elements="68" coveredelements="68"/>
      </file>
    </package>
    <file name="/home/chajr/Dropbox/C/cache/src/Storage/StorageInterface.php">
      <metrics loc="48" ncloc="20" classes="0" methods="0" coveredmethods="0" conditionals="0" coveredconditionals="0" statements="0" coveredstatements="0" elements="0" coveredelements="0"/>
    </file>
    <metrics files="7" loc="818" ncloc="537" classes="6" methods="45" coveredmethods="44" conditionals="0" coveredconditionals="0" statements="160" coveredstatements="159" elements="205" coveredelements="203"/>
  </project>
</coverage>
