<?xml version="1.0" encoding="UTF-8"?>
<coverage generated="1515765494">
  <project timestamp="1515765494">
    <package name="SimpleLog">
      <file name="/home/chajr/Dropbox/C/log/src/Log.php">
        <class name="Log" namespace="SimpleLog">
          <metrics methods="8" coveredmethods="6" conditionals="0" coveredconditionals="0" statements="30" coveredstatements="26" elements="38" coveredelements="32"/>
        </class>
        <line num="45" type="method" name="__construct" crap="1" count="9"/>
        <line num="47" type="stmt" count="9"/>
        <line num="49" type="stmt" count="9"/>
        <line num="50" type="stmt" count="9"/>
        <line num="52" type="stmt" count="9"/>
        <line num="53" type="stmt" count="9"/>
        <line num="54" type="stmt" count="9"/>
        <line num="63" type="method" name="makeLog" crap="1" count="8"/>
        <line num="65" type="stmt" count="8"/>
        <line num="74" type="method" name="log" crap="2" count="10"/>
        <line num="76" type="stmt" count="10"/>
        <line num="77" type="stmt" count="1"/>
        <line num="80" type="stmt" count="9"/>
        <line num="81" type="stmt" count="9"/>
        <line num="82" type="stmt" count="8"/>
        <line num="84" type="stmt" count="8"/>
        <line num="85" type="stmt" count="8"/>
        <line num="90" type="method" name="reloadStorage" crap="2.26" count="10"/>
        <line num="92" type="stmt" count="10"/>
        <line num="93" type="stmt" count="0"/>
        <line num="94" type="stmt" count="0"/>
        <line num="97" type="stmt" count="10"/>
        <line num="98" type="stmt" count="10"/>
        <line num="104" type="method" name="reloadMessage" crap="2.26" count="9"/>
        <line num="106" type="stmt" count="9"/>
        <line num="107" type="stmt" count="0"/>
        <line num="108" type="stmt" count="0"/>
        <line num="111" type="stmt" count="9"/>
        <line num="112" type="stmt" count="9"/>
        <line num="122" type="method" name="setOption" crap="1" count="3"/>
        <line num="124" type="stmt" count="3"/>
        <line num="125" type="stmt" count="3"/>
        <line num="134" type="method" name="getOption" crap="2" count="3"/>
        <line num="136" type="stmt" count="3"/>
        <line num="137" type="stmt" count="1"/>
        <line num="140" type="stmt" count="3"/>
        <line num="146" type="method" name="getLastMessage" crap="1" count="1"/>
        <line num="148" type="stmt" count="1"/>
        <metrics loc="150" ncloc="99" classes="1" methods="8" coveredmethods="6" conditionals="0" coveredconditionals="0" statements="30" coveredstatements="26" elements="38" coveredelements="32"/>
      </file>
      <file name="/home/chajr/Dropbox/C/log/src/LogException.php">
        <class name="LogException" namespace="SimpleLog">
          <metrics methods="0" coveredmethods="0" conditionals="0" coveredconditionals="0" statements="0" coveredstatements="0" elements="0" coveredelements="0"/>
        </class>
        <metrics loc="8" ncloc="8" classes="1" methods="0" coveredmethods="0" conditionals="0" coveredconditionals="0" statements="0" coveredstatements="0" elements="0" coveredelements="0"/>
      </file>
      <file name="/home/chajr/Dropbox/C/log/src/LogStatic.php">
        <class name="LogStatic" namespace="SimpleLog">
          <metrics methods="5" coveredmethods="5" conditionals="0" coveredconditionals="0" statements="11" coveredstatements="11" elements="16" coveredelements="16"/>
        </class>
        <line num="21" type="method" name="log" crap="1" count="1"/>
        <line num="23" type="stmt" count="1"/>
        <line num="24" type="stmt" count="1"/>
        <line num="35" type="method" name="makeLog" crap="1" count="1"/>
        <line num="37" type="stmt" count="1"/>
        <line num="38" type="stmt" count="1"/>
        <line num="48" type="method" name="setOption" crap="1" count="2"/>
        <line num="50" type="stmt" count="2"/>
        <line num="51" type="stmt" count="2"/>
        <line num="60" type="method" name="getOption" crap="1" count="2"/>
        <line num="62" type="stmt" count="2"/>
        <line num="63" type="stmt" count="2"/>
        <line num="71" type="method" name="init" crap="2" count="2"/>
        <line num="73" type="stmt" count="2"/>
        <line num="74" type="stmt" count="1"/>
        <line num="76" type="stmt" count="2"/>
        <metrics loc="77" ncloc="39" classes="1" methods="5" coveredmethods="5" conditionals="0" coveredconditionals="0" statements="11" coveredstatements="11" elements="16" coveredelements="16"/>
      </file>
    </package>
    <file name="/home/chajr/Dropbox/C/log/src/LogInterface.php">
      <metrics loc="32" ncloc="12" classes="0" methods="0" coveredmethods="0" conditionals="0" coveredconditionals="0" statements="0" coveredstatements="0" elements="0" coveredelements="0"/>
    </file>
    <package name="SimpleLog\Message">
      <file name="/home/chajr/Dropbox/C/log/src/Message/DefaultInlineMessage.php">
        <class name="DefaultInlineMessage" namespace="SimpleLog\Message">
          <metrics methods="7" coveredmethods="0" conditionals="0" coveredconditionals="0" statements="35" coveredstatements="0" elements="42" coveredelements="0"/>
        </class>
        <line num="20" type="method" name="createMessage" crap="2" count="0"/>
        <line num="22" type="stmt" count="0"/>
        <line num="23" type="stmt" count="0"/>
        <line num="24" type="stmt" count="0"/>
        <line num="26" type="stmt" count="0"/>
        <line num="33" type="method" name="buildContext" crap="30" count="0"/>
        <line num="35" type="stmt" count="0"/>
        <line num="37" type="stmt" count="0"/>
        <line num="38" type="stmt" count="0"/>
        <line num="39" type="stmt" count="0"/>
        <line num="43" type="stmt" count="0"/>
        <line num="45" type="stmt" count="0"/>
        <line num="51" type="method" name="wrapMessage" crap="2" count="0"/>
        <line num="53" type="stmt" count="0"/>
        <line num="54" type="stmt" count="0"/>
        <line num="56" type="stmt" count="0"/>
        <line num="66" type="method" name="buildMessage" crap="20" count="0"/>
        <line num="69" type="stmt" count="0"/>
        <line num="70" type="stmt" count="0"/>
        <line num="71" type="stmt" count="0"/>
        <line num="73" type="stmt" count="0"/>
        <line num="74" type="stmt" count="0"/>
        <line num="75" type="stmt" count="0"/>
        <line num="76" type="stmt" count="0"/>
        <line num="79" type="stmt" count="0"/>
        <line num="80" type="stmt" count="0"/>
        <line num="85" type="stmt" count="0"/>
        <line num="91" type="method" name="buildArrayMessage" crap="6" count="0"/>
        <line num="93" type="stmt" count="0"/>
        <line num="94" type="stmt" count="0"/>
        <line num="96" type="stmt" count="0"/>
        <line num="103" type="method" name="processMessage" crap="12" count="0"/>
        <line num="105" type="stmt" count="0"/>
        <line num="107" type="stmt" count="0"/>
        <line num="108" type="stmt" count="0"/>
        <line num="111" type="stmt" count="0"/>
        <line num="112" type="stmt" count="0"/>
        <line num="113" type="stmt" count="0"/>
        <line num="115" type="stmt" count="0"/>
        <line num="118" type="stmt" count="0"/>
        <line num="124" type="method" name="getMessage" crap="2" count="0"/>
        <line num="126" type="stmt" count="0"/>
        <metrics loc="128" ncloc="94" classes="1" methods="7" coveredmethods="0" conditionals="0" coveredconditionals="0" statements="35" coveredstatements="0" elements="42" coveredelements="0"/>
      </file>
      <file name="/home/chajr/Dropbox/C/log/src/Message/DefaultJsonMessage.php">
        <class name="DefaultJsonMessage" namespace="SimpleLog\Message">
          <metrics methods="2" coveredmethods="0" conditionals="0" coveredconditionals="0" statements="2" coveredstatements="0" elements="4" coveredelements="0"/>
        </class>
        <line num="18" type="method" name="createMessage" crap="2" count="0"/>
        <line num="21" type="stmt" count="0"/>
        <line num="26" type="method" name="getMessage" crap="2" count="0"/>
        <line num="28" type="stmt" count="0"/>
        <metrics loc="30" ncloc="20" classes="1" methods="2" coveredmethods="0" conditionals="0" coveredconditionals="0" statements="2" coveredstatements="0" elements="4" coveredelements="0"/>
      </file>
      <file name="/home/chajr/Dropbox/C/log/src/Message/DefaultMessage.php">
        <class name="DefaultMessage" namespace="SimpleLog\Message">
          <metrics methods="7" coveredmethods="7" conditionals="0" coveredconditionals="0" statements="39" coveredstatements="39" elements="46" coveredelements="46"/>
        </class>
        <line num="20" type="method" name="createMessage" crap="1" count="14"/>
        <line num="22" type="stmt" count="14"/>
        <line num="23" type="stmt" count="12"/>
        <line num="24" type="stmt" count="12"/>
        <line num="26" type="stmt" count="12"/>
        <line num="33" type="method" name="buildContext" crap="5" count="12"/>
        <line num="35" type="stmt" count="12"/>
        <line num="37" type="stmt" count="12"/>
        <line num="38" type="stmt" count="2"/>
        <line num="39" type="stmt" count="2"/>
        <line num="43" type="stmt" count="12"/>
        <line num="45" type="stmt" count="12"/>
        <line num="51" type="method" name="wrapMessage" crap="1" count="12"/>
        <line num="53" type="stmt" count="12"/>
        <line num="54" type="stmt" count="12"/>
        <line num="55" type="stmt" count="12"/>
        <line num="56" type="stmt" count="12"/>
        <line num="57" type="stmt" count="12"/>
        <line num="59" type="stmt" count="12"/>
        <line num="70" type="method" name="buildMessage" crap="4" count="14"/>
        <line num="73" type="stmt" count="14"/>
        <line num="74" type="stmt" count="4"/>
        <line num="75" type="stmt" count="4"/>
        <line num="77" type="stmt" count="10"/>
        <line num="78" type="stmt" count="10"/>
        <line num="79" type="stmt" count="8"/>
        <line num="80" type="stmt" count="8"/>
        <line num="83" type="stmt" count="2"/>
        <line num="84" type="stmt" count="2"/>
        <line num="89" type="stmt" count="12"/>
        <line num="96" type="method" name="buildArrayMessage" crap="2" count="4"/>
        <line num="98" type="stmt" count="4"/>
        <line num="99" type="stmt" count="4"/>
        <line num="101" type="stmt" count="4"/>
        <line num="109" type="method" name="processMessage" crap="3" count="4"/>
        <line num="111" type="stmt" count="4"/>
        <line num="113" type="stmt" count="4"/>
        <line num="114" type="stmt" count="4"/>
        <line num="117" type="stmt" count="4"/>
        <line num="118" type="stmt" count="2"/>
        <line num="119" type="stmt" count="2"/>
        <line num="120" type="stmt" count="2"/>
        <line num="122" type="stmt" count="4"/>
        <line num="125" type="stmt" count="4"/>
        <line num="131" type="method" name="getMessage" crap="1" count="12"/>
        <line num="133" type="stmt" count="12"/>
        <metrics loc="135" ncloc="98" classes="1" methods="7" coveredmethods="7" conditionals="0" coveredconditionals="0" statements="39" coveredstatements="39" elements="46" coveredelements="46"/>
      </file>
    </package>
    <file name="/home/chajr/Dropbox/C/log/src/Message/MessageInterface.php">
      <metrics loc="17" ncloc="10" classes="0" methods="0" coveredmethods="0" conditionals="0" coveredconditionals="0" statements="0" coveredstatements="0" elements="0" coveredelements="0"/>
    </file>
    <package name="SimpleLog\Storage">
      <file name="/home/chajr/Dropbox/C/log/src/Storage/File.php">
        <class name="File" namespace="SimpleLog\Storage">
          <metrics methods="2" coveredmethods="2" conditionals="0" coveredconditionals="0" statements="14" coveredstatements="14" elements="16" coveredelements="16"/>
        </class>
        <line num="17" type="method" name="__construct" crap="1" count="14"/>
        <line num="19" type="stmt" count="14"/>
        <line num="20" type="stmt" count="14"/>
        <line num="28" type="method" name="store" crap="5" count="12"/>
        <line num="30" type="stmt" count="12"/>
        <line num="31" type="stmt" count="12"/>
        <line num="33" type="stmt" count="12"/>
        <line num="34" type="stmt" count="10"/>
        <line num="36" type="stmt" count="10"/>
        <line num="37" type="stmt" count="1"/>
        <line num="41" type="stmt" count="11"/>
        <line num="42" type="stmt" count="2"/>
        <line num="45" type="stmt" count="11"/>
        <line num="47" type="stmt" count="11"/>
        <line num="48" type="stmt" count="1"/>
        <line num="51" type="stmt" count="10"/>
        <metrics loc="53" ncloc="41" classes="1" methods="2" coveredmethods="2" conditionals="0" coveredconditionals="0" statements="14" coveredstatements="14" elements="16" coveredelements="16"/>
      </file>
    </package>
    <file name="/home/chajr/Dropbox/C/log/src/Storage/StorageInterface.php">
      <metrics loc="20" ncloc="10" classes="0" methods="0" coveredmethods="0" conditionals="0" coveredconditionals="0" statements="0" coveredstatements="0" elements="0" coveredelements="0"/>
    </file>
    <metrics files="10" loc="650" ncloc="431" classes="7" methods="31" coveredmethods="20" conditionals="0" coveredconditionals="0" statements="131" coveredstatements="90" elements="162" coveredelements="110"/>
  </project>
</coverage>
